number,value,datetime_start,datetime_complete,duration,params_alpha,params_dropout,params_learning_rate,params_rank,params_weight_decay,state
0,13.87283239364624,2026-09-08 16:09:46.696016,2026-09-08 16:11:36.581102,0 days 00:01:49.885086,8,0.011616722433639893,0.0002962151658830348,8,0.00025378155082656634,COMPLETE
1,15.997857093811035,2026-09-08 16:11:36.679323,2026-09-08 16:15:15.166141,0 days 00:03:38.486818,8,0.03668090197068676,3.2877474139911175e-05,16,0.0001256104370001356,COMPLETE
2,13.807865428924561,2026-09-08 16:15:15.259910,2026-09-08 16:16:37.828471,0 days 00:01:22.568561,32,0.0912139968434072,0.0002157696745589684,16,6.290644294586145e-06,COMPLETE
3,13.728754997253418,2026-09-08 16:16:37.924171,2026-09-08 16:18:03.829271,0 days 00:01:25.905100,8,0.18977710745066667,0.00043709904681305016,8,0.0017123375973163992,COMPLETE
4,13.702874851226806,2026-09-08 16:18:03.924970,2026-09-08 16:19:04.720122,0 days 00:01:00.795152,32,0.006877704223043679,0.0003506776499297217,16,1.0842262717330169e-05,COMPLETE
5,13.596387577056884,2026-09-08 16:19:04.815949,2026-09-08 16:20:03.282232,0 days 00:00:58.466283,32,0.15502656467222292,0.0003946212980759095,4,0.003795853142670641,COMPLETE
6,15.407277488708496,2026-09-08 16:20:03.385089,2026-09-08 16:23:40.490253,0 days 00:03:37.105164,32,0.07773545793789641,2.8907721743726727e-05,8,0.0020651425578959264,COMPLETE
7,13.917838668823242,2026-09-08 16:23:40.593214,2026-09-08 16:25:30.929384,0 days 00:01:50.336170,16,0.19737738732010346,0.00020512599422151375,16,6.235377135673162e-06,COMPLETE
8,16.33035078048706,2026-09-08 16:25:31.026504,2026-09-08 16:29:10.399016,0 days 00:03:39.372512,16,0.07169314570885453,1.5734685129393654e-05,8,0.0028340904295147754,COMPLETE
9,13.646517562866212,2026-09-08 16:29:10.504386,2026-09-08 16:30:17.870809,0 days 00:01:07.366423,32,0.12751149427104264,0.0003216235469207422,4,7.742116473996259e-05,COMPLETE
