number,value,datetime_start,datetime_complete,duration,params_d_model,params_dropout,params_head_hidden,params_lr,params_n_heads,params_weight_decay,state
0,0.013941060178935538,2026-10-01 14:47:18.706729,2026-10-01 14:47:23.846857,0 days 00:00:05.140128,256,0.1230109132779558,64,0.0010833923905091156,2,2.512886612135209e-05,COMPLETE
1,0.013313789962185758,2026-10-01 14:47:23.942387,2026-10-01 14:47:31.177726,0 days 00:00:07.235339,128,0.15088422517197586,16,0.00012492397681840167,8,0.003980576022940335,COMPLETE
2,0.01407765483544458,2026-10-01 14:47:31.271678,2026-10-01 14:47:38.463808,0 days 00:00:07.192130,64,0.18915167216794376,32,0.0013735424765437484,4,1.768072824706168e-05,COMPLETE
3,0.0008064653612584472,2026-10-01 14:47:38.557378,2026-10-01 14:47:45.583021,0 days 00:00:07.025643,128,0.28203061515603134,32,0.0007805372425516567,2,2.0514306954965613e-05,COMPLETE
4,-1.0,2026-10-01 14:47:45.676306,2026-10-01 14:47:50.760873,0 days 00:00:05.084567,128,0.18088104861508153,16,0.004875844668684451,2,0.0016113179477027027,COMPLETE
5,0.023481168512870704,2026-10-01 14:47:50.855702,2026-10-01 14:47:57.033121,0 days 00:00:06.177419,128,0.14121637018266037,32,0.00021795627392200603,4,0.0024390269240315778,COMPLETE
6,0.024741647654778435,2026-10-01 14:47:57.126605,2026-10-01 14:48:06.499024,0 days 00:00:09.372419,128,0.2495541223585726,32,0.0016730447344246793,2,0.0012183795498050356,COMPLETE
7,0.017857153561134577,2026-10-01 14:48:06.593567,2026-10-01 14:48:16.970465,0 days 00:00:10.376898,256,0.19626066669106332,16,0.00031269317940920164,8,1.552965132446483e-05,COMPLETE
8,0.0016647380488653497,2026-10-01 14:48:17.066463,2026-10-01 14:48:20.246259,0 days 00:00:03.179796,64,0.27717989910957463,32,0.0002712164205832659,8,0.00021376573096098305,PRUNED
9,-1.0,2026-10-01 14:48:20.343222,2026-10-01 14:48:23.265596,0 days 00:00:02.922374,128,0.14304570299743724,16,0.0034476160248322987,4,0.0004537247197169902,PRUNED
10,0.015234035697655841,2026-10-01 14:48:23.358605,2026-10-01 14:48:28.521238,0 days 00:00:05.162633,64,0.23320480148040046,64,0.002024456909666677,2,0.0001463319342380677,COMPLETE
11,0.02902200750073481,2026-10-01 14:48:28.616175,2026-10-01 14:48:39.094728,0 days 00:00:10.478553,128,0.24251768033921384,32,0.00048240095625950226,4,0.00899349074144203,COMPLETE
12,0.030905898302477804,2026-10-01 14:48:39.189716,2026-10-01 14:48:48.561373,0 days 00:00:09.371657,128,0.24283393707705497,32,0.000480050868757289,4,0.007079519607089302,COMPLETE
13,0.022127854014824908,2026-10-01 14:48:48.656380,2026-10-01 14:48:56.896256,0 days 00:00:08.239876,128,0.22901364170448882,32,0.0005062668283765532,4,0.00946642967073313,COMPLETE
14,0.019455178667561975,2026-10-01 14:48:56.990884,2026-10-01 14:49:04.313292,0 days 00:00:07.322408,256,0.25201216258660075,32,0.00046823114634086835,4,0.007884831080694658,COMPLETE
15,0.032045681258660946,2026-10-01 14:49:04.409285,2026-10-01 14:49:11.640192,0 days 00:00:07.230907,128,0.296399202457197,32,0.0006947936719442747,4,0.0044366824653236875,COMPLETE
16,0.027124280001139343,2026-10-01 14:49:11.735605,2026-10-01 14:49:22.190551,0 days 00:00:10.454946,128,0.2998019914323629,64,0.0007577028745954784,4,0.0007802201428658139,COMPLETE
17,0.010950801028942678,2026-10-01 14:49:22.284967,2026-10-01 14:49:30.564703,0 days 00:00:08.279736,128,0.21270647784666338,32,0.00013686876193073224,4,0.004598535261174836,PRUNED
18,0.027078593216382733,2026-10-01 14:49:30.660042,2026-10-01 14:49:35.780246,0 days 00:00:05.120204,256,0.2681812594100312,32,0.0007691856219389939,4,0.003041961075863826,COMPLETE
19,-0.004890500861625398,2026-10-01 14:49:35.872107,2026-10-01 14:49:38.946677,0 days 00:00:03.074570,64,0.28684925818442486,64,0.0025957490679254826,4,0.0005337378697529625,PRUNED
20,0.035461022919333854,2026-10-01 14:49:39.040485,2026-10-01 14:49:47.186050,0 days 00:00:08.145565,128,0.2589491544624689,32,0.00017647703571621083,8,0.0014901137312413211,COMPLETE
21,0.03544094873636455,2026-10-01 14:49:47.278991,2026-10-01 14:49:57.496069,0 days 00:00:10.217078,128,0.26805185967364603,32,0.00015527285140000527,8,0.001723992831962353,COMPLETE
22,0.003784779724383828,2026-10-01 14:49:57.589881,2026-10-01 14:50:00.643265,0 days 00:00:03.053384,128,0.2631679572157336,32,0.00017258026762740147,8,0.0011491912005217834,PRUNED
23,-0.006097434360769865,2026-10-01 14:50:00.735834,2026-10-01 14:50:03.799908,0 days 00:00:03.064074,128,0.29961928067280813,32,0.0001120927241080191,8,0.001850523501018869,PRUNED
24,-0.009201484647656962,2026-10-01 14:50:03.892201,2026-10-01 14:50:06.942183,0 days 00:00:03.049982,128,0.2665699906630717,32,0.00020008899965217493,8,0.0002809379969912923,PRUNED
25,0.018872522137643424,2026-10-01 14:50:07.034558,2026-10-01 14:50:14.151445,0 days 00:00:07.116887,128,0.2212150718163457,32,0.00031618913601780827,8,7.513224076250338e-05,COMPLETE
26,-0.009179345925631759,2026-10-01 14:50:14.244978,2026-10-01 14:50:17.384957,0 days 00:00:03.139979,128,0.2876161774330151,32,0.00016093903952965762,8,0.0007642931210732636,PRUNED
27,0.026730449253322762,2026-10-01 14:50:17.478429,2026-10-01 14:50:25.572570,0 days 00:00:08.094141,128,0.25967078270122673,32,0.00010010014378720645,8,0.00453200609161901,COMPLETE
28,0.022650549659350098,2026-10-01 14:50:25.667231,2026-10-01 14:50:34.734935,0 days 00:00:09.067704,256,0.2757963892865244,64,0.00023706686406155047,8,0.00236588089862751,COMPLETE
29,0.01915013221095451,2026-10-01 14:50:34.829800,2026-10-01 14:50:40.839813,0 days 00:00:06.010013,64,0.10259201463899704,16,0.00037964236852243476,8,7.004074997090774e-05,COMPLETE
30,0.03417392010541733,2026-10-01 14:50:40.935812,2026-10-01 14:50:51.087073,0 days 00:00:10.151261,256,0.21001755444061349,64,0.0010339977338031348,8,0.0010878654423004343,COMPLETE
31,0.0013932162432764305,2026-10-01 14:50:51.182026,2026-10-01 14:50:54.303543,0 days 00:00:03.121517,256,0.20781007253648248,64,0.0008859505773073854,8,0.000982332715016023,PRUNED
32,0.017814696573387957,2026-10-01 14:50:54.397321,2026-10-01 14:51:03.549988,0 days 00:00:09.152667,256,0.2897916756703079,64,0.0012255341901597078,8,0.0035457290849623476,COMPLETE
33,-1.0,2026-10-01 14:51:03.645554,2026-10-01 14:51:06.615489,0 days 00:00:02.969935,256,0.17009144183746264,64,0.0006331016069159548,8,0.0004894229133516074,PRUNED
34,0.023281685259539723,2026-10-01 14:51:06.708944,2026-10-01 14:51:11.954633,0 days 00:00:05.245689,256,0.2548394364736651,64,0.0011323067536810733,8,0.001537400912433106,COMPLETE
35,0.03348616406398774,2026-10-01 14:51:12.050831,2026-10-01 14:51:19.430426,0 days 00:00:07.379595,128,0.23502166532434898,16,0.00014220444091599856,2,0.004918926397123196,COMPLETE
36,-0.005776667654194846,2026-10-01 14:51:19.524710,2026-10-01 14:51:22.688369,0 days 00:00:03.163659,256,0.20746523497840935,16,0.00013935355949290298,2,0.0020614833762177772,PRUNED
37,0.031540214876881356,2026-10-01 14:51:22.780176,2026-10-01 14:51:30.140908,0 days 00:00:07.360732,128,0.17673555966144816,16,0.00018069138519088884,2,0.0007395662162648708,COMPLETE
38,-0.021530953384572955,2026-10-01 14:51:30.233988,2026-10-01 14:51:33.378541,0 days 00:00:03.144553,128,0.19567312106196744,16,0.00012451126384738247,2,0.00609937839687905,PRUNED
39,0.016566659170353007,2026-10-01 14:51:33.469739,2026-10-01 14:51:39.791906,0 days 00:00:06.322167,64,0.2345996618593966,16,0.0002606816085431636,2,1.012468958869769e-05,COMPLETE
40,0.027130317574463388,2026-10-01 14:51:39.884562,2026-10-01 14:51:50.390984,0 days 00:00:10.506422,128,0.2209474257312928,16,0.00034540277134939134,2,0.0028965251138501845,COMPLETE
41,0.02964108060335321,2026-10-01 14:51:50.484082,2026-10-01 14:51:56.794511,0 days 00:00:06.310429,128,0.2715494072554516,32,0.0014702467708326348,8,0.005136083537693823,COMPLETE
42,0.019904352971015494,2026-10-01 14:51:56.886681,2026-10-01 14:52:03.184575,0 days 00:00:06.297894,128,0.24661264029845975,32,0.0001561981984169333,2,0.0016232181862045655,COMPLETE
43,0.028331230419170177,2026-10-01 14:52:03.277094,2026-10-01 14:52:08.536742,0 days 00:00:05.259648,128,0.2833594696380757,16,0.0002140440630279785,8,0.003728318284323316,COMPLETE
44,-1.0,2026-10-01 14:52:08.628586,2026-10-01 14:52:11.657254,0 days 00:00:03.028668,128,0.16179250281617372,64,0.001760211862169153,8,0.001368777898489234,PRUNED
45,-1.0,2026-10-01 14:52:11.748106,2026-10-01 14:52:14.737859,0 days 00:00:02.989753,128,0.23929142546183457,32,0.004037876657079367,2,0.0022145969130549737,PRUNED
46,-1.0,2026-10-01 14:52:14.828571,2026-10-01 14:52:17.932755,0 days 00:00:03.104184,128,0.22640568656233093,32,0.0023587850659201053,8,0.00033589318003482557,PRUNED
47,-0.004601447412875139,2026-10-01 14:52:18.023938,2026-10-01 14:52:21.185353,0 days 00:00:03.161415,256,0.25821586922525963,16,0.00010424132197643165,4,0.0027443198122281613,PRUNED
48,0.031650656337693955,2026-10-01 14:52:21.278667,2026-10-01 14:52:26.529269,0 days 00:00:05.250602,64,0.276821971389683,32,0.0009517476705264394,2,0.0067538404555794,COMPLETE
49,0.021514581656537708,2026-10-01 14:52:26.620627,2026-10-01 14:52:31.883537,0 days 00:00:05.262910,128,0.18936654841539316,64,0.0002799084567523734,4,0.0006083829349005632,COMPLETE
