number,value,datetime_start,datetime_complete,duration,params_dropout,params_film_hidden,params_hidden1,params_hidden2,params_lr,params_weight_decay,state
0,0.030003555755005785,2026-10-01 14:53:09.673948,2026-10-01 14:53:13.842187,0 days 00:00:04.168239,0.35045264459969483,128,512,32,0.0001506764702626582,0.0017136473158328156,COMPLETE
1,0.017449022152946685,2026-10-01 14:53:13.936396,2026-10-01 14:53:20.812341,0 days 00:00:06.875945,0.13403911033599114,32,128,32,0.0002345328294467905,0.007454460317621291,COMPLETE
2,0.027133229716933722,2026-10-01 14:53:20.904148,2026-10-01 14:53:27.822160,0 days 00:00:06.918012,0.3588023008110879,256,512,32,0.00017901457604249803,0.0004884834727548545,COMPLETE
3,0.019389852747643398,2026-10-01 14:53:27.914579,2026-10-01 14:53:31.424540,0 days 00:00:03.509961,0.11766967641162324,32,256,128,0.0016148427612715406,1.65015006253005e-05,COMPLETE
4,0.00687706530948984,2026-10-01 14:53:31.522083,2026-10-01 14:53:35.671320,0 days 00:00:04.149237,0.13269205118074967,64,512,64,0.00018246948135857506,0.008971232248969846,COMPLETE
5,0.02050805105925655,2026-10-01 14:53:35.767876,2026-10-01 14:53:42.698225,0 days 00:00:06.930349,0.33939324545535654,32,512,64,0.0002860481312809392,0.005423064112361963,COMPLETE
6,-1.0,2026-10-01 14:53:42.793309,2026-10-01 14:53:45.995727,0 days 00:00:03.202418,0.3816107468626203,128,512,128,0.0017879035128423035,0.0017161945962950703,COMPLETE
7,0.030526649620364627,2026-10-01 14:53:46.088351,2026-10-01 14:53:53.047046,0 days 00:00:06.958695,0.3294181405167602,256,256,64,0.000389364414290546,0.006226683563993239,COMPLETE
8,0.007614226255068026,2026-10-01 14:53:53.142162,2026-10-01 14:53:57.286785,0 days 00:00:04.144623,0.10076237281610885,32,512,64,0.0002848173881553291,0.0012513619174003687,PRUNED
9,0.010230622551072972,2026-10-01 14:53:57.383608,2026-10-01 14:54:00.786692,0 days 00:00:03.403084,0.33374349965483885,128,512,64,0.002218634396784733,1.5574673198249716e-05,COMPLETE
10,0.02237971305106708,2026-10-01 14:54:00.879134,2026-10-01 14:54:06.457418,0 days 00:00:05.578284,0.23709254691193818,256,256,64,0.0007055920336723812,9.546167044147553e-05,COMPLETE
11,0.019251742214369226,2026-10-01 14:54:06.551080,2026-10-01 14:54:09.957436,0 days 00:00:03.406356,0.28008669939415204,128,256,32,0.0005117905391408738,0.0015121458182644075,COMPLETE
12,-0.00445617164938603,2026-10-01 14:54:10.052207,2026-10-01 14:54:12.831211,0 days 00:00:02.779004,0.287371290354795,256,128,32,0.00010864685052108664,0.0004190453053155281,PRUNED
13,0.020191234239402986,2026-10-01 14:54:12.923784,2026-10-01 14:54:17.086763,0 days 00:00:04.162979,0.39698659851543117,64,256,32,0.0006537130159632036,0.0030979526742757847,COMPLETE
14,0.024953985218905156,2026-10-01 14:54:17.179210,2026-10-01 14:54:22.066637,0 days 00:00:04.887427,0.2984924332279857,128,256,128,0.0001234486261787396,0.0006004429477204111,COMPLETE
15,-1.0,2026-10-01 14:54:22.160288,2026-10-01 14:54:24.090165,0 days 00:00:01.929877,0.21262913160986577,256,128,64,0.004656673110316301,0.00013904986586795598,PRUNED
16,-0.008595993651061402,2026-10-01 14:54:24.180921,2026-10-01 14:54:26.958399,0 days 00:00:02.777478,0.3179784076076089,256,256,32,0.00042048253167632424,0.0032986522003411786,PRUNED
17,-0.003660190307797981,2026-10-01 14:54:27.052209,2026-10-01 14:54:31.898179,0 days 00:00:04.845970,0.25541905362718126,128,256,32,0.00038448401986912803,0.00015865861785973885,PRUNED
18,0.023700712734561435,2026-10-01 14:54:31.992307,2026-10-01 14:54:36.724967,0 days 00:00:04.732660,0.19239316307217222,64,512,64,0.0010023895836007424,0.002558775218712876,COMPLETE
19,-0.0009151433383091291,2026-10-01 14:54:36.818532,2026-10-01 14:54:39.602712,0 days 00:00:02.784180,0.3709199428912887,256,128,128,0.00015599398367619185,0.0006919454871312584,PRUNED
20,-0.026199479145583123,2026-10-01 14:54:39.695450,2026-10-01 14:54:41.774527,0 days 00:00:02.079077,0.3474342901565033,128,512,64,0.0010596643033741757,0.004635927406743766,PRUNED
21,0.0033767023094603164,2026-10-01 14:54:41.866322,2026-10-01 14:54:46.719008,0 days 00:00:04.852686,0.3626031192434347,256,512,32,0.00020794049265464713,0.00028361031822099085,PRUNED
22,0.027430851230445426,2026-10-01 14:54:46.815443,2026-10-01 14:54:53.702413,0 days 00:00:06.886970,0.3186963397338027,256,512,32,0.00014504029884924877,4.977899367988778e-05,COMPLETE
23,0.01509569044568563,2026-10-01 14:54:53.797310,2026-10-01 14:54:58.642666,0 days 00:00:04.845356,0.31323160057020805,256,512,32,0.00010976395712012991,2.778318225644796e-05,PRUNED
24,0.0032623556071718525,2026-10-01 14:54:58.737859,2026-10-01 14:55:01.511238,0 days 00:00:02.773379,0.26947853815493056,256,512,32,0.00032490532171104,5.820475329543004e-05,PRUNED
25,-0.004980714528911531,2026-10-01 14:55:01.603695,2026-10-01 14:55:05.762002,0 days 00:00:04.158307,0.31876796285877607,256,256,32,0.00013338125598237282,3.843432887995767e-05,PRUNED
26,-0.008860809608719976,2026-10-01 14:55:05.854932,2026-10-01 14:55:07.937935,0 days 00:00:02.083003,0.3983369799447415,128,512,32,0.0002541158628493201,0.0009535250054917728,PRUNED
27,0.02253712573035561,2026-10-01 14:55:08.030206,2026-10-01 14:55:13.524662,0 days 00:00:05.494456,0.29670421165803446,64,512,32,0.00015505838067973976,0.00023344935595910946,COMPLETE
28,-1.0,2026-10-01 14:55:13.619086,2026-10-01 14:55:16.417827,0 days 00:00:02.798741,0.33362379203585135,256,128,128,0.0005268169608352459,1.1502138871130711e-05,PRUNED
29,0.0182546061447222,2026-10-01 14:55:16.510766,2026-10-01 14:55:20.001680,0 days 00:00:03.490914,0.1822939396401172,32,256,64,0.00021845273449857652,0.009746459961377093,COMPLETE
30,0.027840702474972424,2026-10-01 14:55:20.093571,2026-10-01 14:55:26.318365,0 days 00:00:06.224794,0.261979964281298,128,128,32,0.0004011862654008802,0.006164622546365203,COMPLETE
31,-0.0004827880322797307,2026-10-01 14:55:26.411346,2026-10-01 14:55:28.489351,0 days 00:00:02.078005,0.24926768449360598,128,128,32,0.0003535360083748802,0.004759056449859352,PRUNED
32,0.02350045451187715,2026-10-01 14:55:28.582608,2026-10-01 14:55:32.051431,0 days 00:00:03.468823,0.2240707637228744,128,128,32,0.00022134910823260988,0.0022726948972664205,COMPLETE
33,0.004369934403044275,2026-10-01 14:55:32.143643,2026-10-01 14:55:34.224535,0 days 00:00:02.080892,0.35058027697668415,128,128,32,0.0004701629519437718,0.00652800738507781,PRUNED
34,-0.016407483249631902,2026-10-01 14:55:34.316385,2026-10-01 14:55:36.397665,0 days 00:00:02.081280,0.272388118524041,128,128,32,0.0008340875526941826,0.004073728271208504,PRUNED
35,-0.0012691466661830823,2026-10-01 14:55:36.488541,2026-10-01 14:55:41.342369,0 days 00:00:04.853828,0.3077987871849763,256,512,32,0.00016866770401327888,0.009961374568068672,PRUNED
36,0.00599989354523682,2026-10-01 14:55:41.436221,2026-10-01 14:55:43.511828,0 days 00:00:02.075607,0.32664833168856694,32,128,32,0.0002897923901051425,0.007109542532129797,PRUNED
37,0.029212956250297333,2026-10-01 14:55:43.603413,2026-10-01 14:55:50.522065,0 days 00:00:06.918652,0.38100723010899773,128,512,64,0.00018497693006053206,0.0017693560021046718,COMPLETE
38,0.017628410272580414,2026-10-01 14:55:50.616154,2026-10-01 14:55:54.774612,0 days 00:00:04.158458,0.37682804731631164,128,512,64,0.0001966207789688805,0.0010309486733536479,COMPLETE
39,0.029321068464480484,2026-10-01 14:55:54.868066,2026-10-01 14:55:59.047613,0 days 00:00:04.179547,0.16711668995204446,128,256,64,0.0005955776254754015,0.0018126356593206156,COMPLETE
40,0.024129384187874185,2026-10-01 14:55:59.141315,2026-10-01 14:56:03.238876,0 days 00:00:04.097561,0.12290737453130829,128,256,64,0.0014404333715701673,0.0018775003097375982,COMPLETE
41,0.01017627194309429,2026-10-01 14:56:03.332036,2026-10-01 14:56:05.422246,0 days 00:00:02.090210,0.15394767880956703,128,256,64,0.0005967765013103558,0.0013035147904483775,PRUNED
42,-0.019696018368116613,2026-10-01 14:56:05.513818,2026-10-01 14:56:07.605705,0 days 00:00:02.091887,0.17130070817562854,128,256,64,0.0007578869507844156,0.0021728929220045465,PRUNED
43,0.005748675377447319,2026-10-01 14:56:07.697586,2026-10-01 14:56:09.788846,0 days 00:00:02.091260,0.38113266575101046,128,256,64,0.00026561520081646363,0.003184304568879039,PRUNED
44,0.02231561474519934,2026-10-01 14:56:09.880713,2026-10-01 14:56:15.432736,0 days 00:00:05.552023,0.35876439735812404,128,256,64,0.0005723962010930264,0.0008497162485469014,COMPLETE
45,0.023969610328044233,2026-10-01 14:56:15.527022,2026-10-01 14:56:20.326466,0 days 00:00:04.799444,0.15058341951211437,128,512,64,0.000438094727659479,0.0056355357238768436,COMPLETE
46,-0.004365213328306843,2026-10-01 14:56:20.420251,2026-10-01 14:56:25.292092,0 days 00:00:04.871841,0.21610658697475774,32,256,64,0.0003354409332494629,0.0014569580173088216,PRUNED
47,-0.003238125283301927,2026-10-01 14:56:25.385429,2026-10-01 14:56:27.476696,0 days 00:00:02.091267,0.343451135421852,64,256,128,0.00010049208402240637,0.0032723907395643737,PRUNED
48,0.027794203044840066,2026-10-01 14:56:27.568615,2026-10-01 14:56:34.489258,0 days 00:00:06.920643,0.3651136970301934,128,128,64,0.0008763572610140047,0.0005717339660004748,COMPLETE
49,-1.0,2026-10-01 14:56:34.582680,2026-10-01 14:56:36.475092,0 days 00:00:01.892412,0.3906808207453168,128,512,64,0.00435260121479282,0.0003660499232180886,PRUNED
