number,value,datetime_start,datetime_complete,duration,params_dropout,params_hidden1,params_hidden2,params_lr,params_weight_decay,state
0,0.01628249428346221,2026-10-01 14:44:22.008371,2026-10-01 14:44:25.974291,0 days 00:00:03.965920,0.21236203565420878,128,64,0.004123206532618728,0.001570297088405539,COMPLETE
1,0.014677467685463621,2026-10-01 14:44:26.064655,2026-10-01 14:44:30.708125,0 days 00:00:04.643470,0.3124217733388137,128,128,0.00010838581269344756,0.008123245085588688,COMPLETE
2,0.010212291871917151,2026-10-01 14:44:30.816736,2026-10-01 14:44:35.210316,0 days 00:00:04.393580,0.22958350559263474,512,64,0.0003124565071260876,0.000684792009557478,COMPLETE
3,0.022633432775115488,2026-10-01 14:44:35.309463,2026-10-01 14:44:40.286999,0 days 00:00:04.977536,0.2542703315240835,128,64,0.0010150667045928574,1.3783237455007187e-05,COMPLETE
4,0.030137002902232618,2026-10-01 14:44:40.382507,2026-10-01 14:44:44.231490,0 days 00:00:03.848983,0.19138413075201122,512,64,0.00014653521030672147,0.0011290133559092666,COMPLETE
5,0.014415099809821611,2026-10-01 14:44:44.323841,2026-10-01 14:44:46.884317,0 days 00:00:02.560476,0.2987566853061946,512,64,0.00033852267834519784,0.00036324869566766035,COMPLETE
6,-1.0,2026-10-01 14:44:46.975533,2026-10-01 14:44:49.534972,0 days 00:00:02.559439,0.2793699936433256,512,128,0.0036832964384234204,1.8427970406864546e-05,COMPLETE
7,0.020048899069966757,2026-10-01 14:44:49.627176,2026-10-01 14:44:53.477869,0 days 00:00:03.850693,0.2070259980080768,256,32,0.00030012301808980484,0.00042470585622618684,COMPLETE
8,-0.0025755909267084045,2026-10-01 14:44:53.573100,2026-10-01 14:44:55.796997,0 days 00:00:02.223897,0.10165663513708073,256,128,0.0024290950368254954,0.001319994226153501,PRUNED
9,0.021334656847489336,2026-10-01 14:44:55.890558,2026-10-01 14:45:01.354658,0 days 00:00:05.464100,0.2869894380482674,512,64,0.0003649100451857361,1.551225912648474e-05,COMPLETE
10,0.008554001803682461,2026-10-01 14:45:01.448450,2026-10-01 14:45:04.722180,0 days 00:00:03.273730,0.3853804595686532,512,32,0.00010237384946561919,8.376886561830943e-05,COMPLETE
11,0.034218273007635386,2026-10-01 14:45:04.813892,2026-10-01 14:45:08.133446,0 days 00:00:03.319554,0.1620885426163191,128,64,0.0008829537366495735,9.464114674843996e-05,COMPLETE
12,-0.027406609948598407,2026-10-01 14:45:08.224837,2026-10-01 14:45:09.884309,0 days 00:00:01.659472,0.15108546690266933,128,64,0.0010455273424152913,9.637650613593323e-05,PRUNED
13,0.025849142203422684,2026-10-01 14:45:09.979199,2026-10-01 14:45:14.404786,0 days 00:00:04.425587,0.1720199749415961,128,64,0.0008301014867521504,0.009169959187274762,COMPLETE
14,-0.024894018435393923,2026-10-01 14:45:14.500474,2026-10-01 14:45:16.172689,0 days 00:00:01.672215,0.1334175231841292,256,64,0.00017908475244674161,0.00010146678316610038,PRUNED
15,0.035380340796491924,2026-10-01 14:45:16.264487,2026-10-01 14:45:19.027716,0 days 00:00:02.763229,0.18455086317391226,512,32,0.0006571956996626086,4.592494630127453e-05,COMPLETE
16,0.027296940939882806,2026-10-01 14:45:19.121690,2026-10-01 14:45:24.586569,0 days 00:00:05.464879,0.10175129956086687,128,32,0.0006421843999959584,4.7027341989149573e-05,COMPLETE
17,0.03342047614253274,2026-10-01 14:45:24.679744,2026-10-01 14:45:27.446381,0 days 00:00:02.766637,0.14785926949205402,512,32,0.001737670720958496,4.374345244799975e-05,COMPLETE
18,-0.005415372475340218,2026-10-01 14:45:27.542286,2026-10-01 14:45:29.212814,0 days 00:00:01.670528,0.17133927438740995,128,32,0.0005900258048266352,0.0002398239099296831,PRUNED
19,0.0125929984060794,2026-10-01 14:45:29.307541,2026-10-01 14:45:31.988207,0 days 00:00:02.680666,0.3572173390028047,256,32,0.0013314588368132717,3.5096239800098836e-05,COMPLETE
20,0.006066086373906097,2026-10-01 14:45:32.084055,2026-10-01 14:45:34.832276,0 days 00:00:02.748221,0.24359011043407003,512,32,0.0005075629344030932,0.0001835140488609569,COMPLETE
21,0.01464014789211514,2026-10-01 14:45:34.925059,2026-10-01 14:45:38.720889,0 days 00:00:03.795830,0.13540619755227234,512,32,0.0020529288292503315,4.250182504065837e-05,COMPLETE
22,0.018241064930743293,2026-10-01 14:45:38.814616,2026-10-01 14:45:41.588215,0 days 00:00:02.773599,0.1635081544204788,512,32,0.00169074031410828,2.966251844810863e-05,COMPLETE
23,0.003134002731727864,2026-10-01 14:45:41.680963,2026-10-01 14:45:44.380045,0 days 00:00:02.699082,0.13922272366660415,512,32,0.0027809620497995916,6.35165747434983e-05,COMPLETE
24,0.01933103792207821,2026-10-01 14:45:44.472062,2026-10-01 14:45:47.256167,0 days 00:00:02.784105,0.18602544731138101,512,32,0.0014679274508693932,0.0001641527650189483,COMPLETE
25,0.00018360915622353362,2026-10-01 14:45:47.348789,2026-10-01 14:45:49.033427,0 days 00:00:01.684638,0.12740874487105364,128,128,0.0009165096699686912,2.186597351971694e-05,PRUNED
26,0.011960173685936944,2026-10-01 14:45:49.126154,2026-10-01 14:45:52.280022,0 days 00:00:03.153868,0.20999699866279617,512,32,0.000485561981882084,1.0883479244730683e-05,COMPLETE
27,0.02561333403366808,2026-10-01 14:45:52.373483,2026-10-01 14:45:56.254972,0 days 00:00:03.881489,0.18789798236053626,512,32,0.0007026720047410453,6.419355089212215e-05,COMPLETE
28,0.03134295072669172,2026-10-01 14:45:56.348172,2026-10-01 14:45:59.138398,0 days 00:00:02.790226,0.1510181675374878,256,128,0.0012254516724304837,0.00013431518181850953,COMPLETE
29,-1.0,2026-10-01 14:45:59.231765,2026-10-01 14:46:00.819035,0 days 00:00:01.587270,0.22270032132109713,128,32,0.0039821391253621035,0.004163200102419324,PRUNED
30,0.01326383876537945,2026-10-01 14:46:00.912987,2026-10-01 14:46:03.701365,0 days 00:00:02.788378,0.11285559617313873,128,64,0.0017726421931005575,2.5130270272455368e-05,COMPLETE
31,0.026525942869712393,2026-10-01 14:46:03.794141,2026-10-01 14:46:07.696509,0 days 00:00:03.902368,0.1545643330502569,256,128,0.0012388038495755407,0.00014008987455415962,COMPLETE
32,0.021618754451338245,2026-10-01 14:46:07.789105,2026-10-01 14:46:11.156338,0 days 00:00:03.367233,0.1884722824474407,256,128,0.0007797730706996011,5.4138913814158175e-05,COMPLETE
33,0.02781003443150773,2026-10-01 14:46:11.250398,2026-10-01 14:46:13.882302,0 days 00:00:02.631904,0.15091499892197807,256,128,0.0029215389303261586,0.0002800612338808326,COMPLETE
34,0.01400544520919744,2026-10-01 14:46:13.974485,2026-10-01 14:46:19.511882,0 days 00:00:05.537397,0.11939401078285108,256,128,0.0010919137019025223,0.00011831841388468613,PRUNED
35,0.013309896180400516,2026-10-01 14:46:19.605398,2026-10-01 14:46:23.489589,0 days 00:00:03.884191,0.1722157377856634,128,128,0.00044566228442287625,0.0005117235709279532,COMPLETE
36,-1.0,2026-10-01 14:46:23.582306,2026-10-01 14:46:25.082981,0 days 00:00:01.500675,0.20359447883217827,512,64,0.00164762545203129,8.266600385564583e-05,PRUNED
37,0.010501210184566312,2026-10-01 14:46:25.173776,2026-10-01 14:46:28.508653,0 days 00:00:03.334877,0.2337947911128201,256,128,0.00026245864160151646,0.0007837243777038678,COMPLETE
38,0.027307905322139173,2026-10-01 14:46:28.600604,2026-10-01 14:46:31.170953,0 days 00:00:02.570349,0.14283085458215175,512,64,0.002002551835626033,0.00022524526247909825,COMPLETE
39,0.039071273123254875,2026-10-01 14:46:31.263377,2026-10-01 14:46:36.239430,0 days 00:00:04.976053,0.25966384236721224,128,32,0.0011916084030870096,3.6013345121929064e-05,COMPLETE
40,0.03046674064156513,2026-10-01 14:46:36.333602,2026-10-01 14:46:41.874214,0 days 00:00:05.540612,0.2662134671280165,128,32,0.0008862851530523575,3.365003706711395e-05,COMPLETE
41,-1.0,2026-10-01 14:46:41.969636,2026-10-01 14:46:43.583359,0 days 00:00:01.613723,0.35936511078061123,128,32,0.0012481158409692065,7.065121479103858e-05,PRUNED
42,-0.03999321009669893,2026-10-01 14:46:43.674808,2026-10-01 14:46:45.328666,0 days 00:00:01.653858,0.3277098739310133,128,32,0.0010852033449315172,1.7388143971590523e-05,PRUNED
43,0.01568513977362881,2026-10-01 14:46:45.416255,2026-10-01 14:46:48.636730,0 days 00:00:03.220475,0.26368435629071885,128,32,0.0022329557944285915,4.246266062136939e-05,COMPLETE
44,0.022507481311990957,2026-10-01 14:46:48.730888,2026-10-01 14:46:54.261491,0 days 00:00:05.530603,0.1618913767121719,512,64,0.0005812196315029603,0.00012861820679842614,PRUNED
45,-0.01196229607113323,2026-10-01 14:46:54.354815,2026-10-01 14:46:56.034970,0 days 00:00:01.680155,0.1983447862281702,256,128,0.0015121377357218489,0.0020906787719212703,PRUNED
46,-0.001102103226241539,2026-10-01 14:46:56.131790,2026-10-01 14:47:00.019316,0 days 00:00:03.887526,0.22013646735116413,128,64,0.0007070923239042692,1.1342484444484496e-05,PRUNED
47,-0.0021274989926790442,2026-10-01 14:47:00.114322,2026-10-01 14:47:01.781598,0 days 00:00:01.667276,0.31192466924195167,512,32,0.0009990104844854195,2.7305581455690657e-05,PRUNED
48,0.02537999335820955,2026-10-01 14:47:01.873585,2026-10-01 14:47:04.630081,0 days 00:00:02.756496,0.1774619615411836,128,32,0.0012608167262980793,9.42428764395381e-05,COMPLETE
49,0.021278597894824103,2026-10-01 14:47:04.721289,2026-10-01 14:47:08.530026,0 days 00:00:03.808737,0.23864206677046307,256,64,0.003368861789666581,0.0003190731475940252,COMPLETE
