number,value,datetime_start,datetime_complete,duration,params_alpha,params_dropout,params_learning_rate,params_rank,params_weight_decay,state
0,13.897497844696044,2026-10-01 07:39:31.821891,2026-10-01 07:42:43.426099,0 days 00:03:11.604208,8,0.011616722433639893,0.0002962151658830348,8,0.00025378155082656634,COMPLETE
1,16.069624137878417,2026-10-01 07:42:43.767878,2026-10-01 07:48:55.693883,0 days 00:06:11.926005,8,0.03668090197068676,3.2877474139911175e-05,16,0.0001256104370001356,COMPLETE
2,13.780569362640382,2026-10-01 07:48:55.876142,2026-10-01 07:51:30.612513,0 days 00:02:34.736371,32,0.0912139968434072,0.0002157696745589684,16,6.290644294586145e-06,COMPLETE
3,13.805604171752929,2026-10-01 07:51:30.885380,2026-10-01 07:53:53.580234,0 days 00:02:22.694854,8,0.18977710745066667,0.00043709904681305016,8,0.0017123375973163992,COMPLETE
4,13.625492572784424,2026-10-01 07:53:53.752989,2026-10-01 07:55:43.966666,0 days 00:01:50.213677,32,0.006877704223043679,0.0003506776499297217,16,1.0842262717330169e-05,COMPLETE
5,13.485002040863037,2026-10-01 07:55:44.154197,2026-10-01 07:57:27.052861,0 days 00:01:42.898664,32,0.15502656467222292,0.0003946212980759095,4,0.003795853142670641,COMPLETE
6,15.459228801727296,2026-10-01 07:57:27.262083,2026-10-01 08:03:35.068757,0 days 00:06:07.806674,32,0.07773545793789641,2.8907721743726727e-05,8,0.0020651425578959264,COMPLETE
7,13.964783859252929,2026-10-01 08:03:35.247627,2026-10-01 08:06:44.222456,0 days 00:03:08.974829,16,0.19737738732010346,0.00020512599422151375,16,6.235377135673162e-06,COMPLETE
8,16.361930656433106,2026-10-01 08:06:44.488468,2026-10-01 08:12:56.020710,0 days 00:06:11.532242,16,0.07169314570885453,1.5734685129393654e-05,8,0.0028340904295147754,COMPLETE
9,13.55857744216919,2026-10-01 08:12:56.202291,2026-10-01 08:14:52.944817,0 days 00:01:56.742526,32,0.12751149427104264,0.0003216235469207422,4,7.742116473996259e-05,COMPLETE
