number,value,datetime_start,datetime_complete,duration,params_learning_rate,params_weight_decay,state
0,14.764549160003662,2026-08-29 22:07:42.567474,2026-08-29 22:12:09.653764,0 days 00:04:27.086290,5.611516415334504e-06,0.006351221010640704,COMPLETE
1,14.088495349884033,2026-08-29 22:12:09.763844,2026-08-29 22:14:04.050666,0 days 00:01:54.286822,2.9106359131330718e-05,0.0002481040974867811,COMPLETE
2,15.345897483825684,2026-08-29 22:14:04.148688,2026-08-29 22:18:40.969588,0 days 00:04:36.820900,2.05133826308745e-06,4.207053950287936e-06,COMPLETE
3,15.6256028175354,2026-08-29 22:18:41.091211,2026-08-29 22:23:22.476932,0 days 00:04:41.385721,1.306673923805328e-06,0.0029154431891537554,COMPLETE
4,14.317501640319824,2026-08-29 22:23:22.599339,2026-08-29 22:26:00.148035,0 days 00:02:37.548696,1.5930522616241016e-05,0.0006796578090758161,COMPLETE
5,15.730028438568116,2026-08-29 22:26:00.275436,2026-08-29 22:30:50.515917,0 days 00:04:50.240481,1.0994335574766194e-06,0.00757947995334801,COMPLETE
6,13.929444980621337,2026-08-29 22:30:50.608247,2026-08-29 22:32:11.925692,0 days 00:01:21.317445,4.6225890010208326e-05,7.068974950624607e-06,COMPLETE
7,15.277360343933106,2026-08-29 22:32:12.032694,2026-08-29 22:37:09.310674,0 days 00:04:57.277980,2.310201887845294e-06,5.415244119402541e-06,COMPLETE
8,14.947467041015624,2026-08-29 22:37:09.407683,2026-08-29 22:41:51.330397,0 days 00:04:41.922714,4.0596116104843085e-06,0.0001256104370001356,COMPLETE
9,14.599539661407471,2026-08-29 22:41:51.436460,2026-08-29 22:45:59.868538,0 days 00:04:08.432078,7.30953983591291e-06,1.461896279370496e-05,COMPLETE
