number,value,datetime_start,datetime_complete,duration,params_alpha,params_dropout,params_learning_rate,params_rank,params_weight_decay,state
0,13.876898860931396,2026-08-29 21:37:55.417383,2026-08-29 21:40:03.353516,0 days 00:02:07.936133,8,0.011616722433639893,0.0002962151658830348,8,0.00025378155082656634,COMPLETE
1,16.01764965057373,2026-08-29 21:40:03.438753,2026-08-29 21:43:52.952561,0 days 00:03:49.513808,8,0.03668090197068676,3.2877474139911175e-05,16,0.0001256104370001356,COMPLETE
2,13.746075916290284,2026-08-29 21:43:53.038829,2026-08-29 21:45:29.386097,0 days 00:01:36.347268,32,0.0912139968434072,0.0002157696745589684,16,6.290644294586145e-06,COMPLETE
3,13.728121948242187,2026-08-29 21:45:29.472756,2026-08-29 21:47:03.227005,0 days 00:01:33.754249,8,0.18977710745066667,0.00043709904681305016,8,0.0017123375973163992,COMPLETE
4,13.607535934448242,2026-08-29 21:47:03.312359,2026-08-29 21:48:15.747674,0 days 00:01:12.435315,32,0.006877704223043679,0.0003506776499297217,16,1.0842262717330169e-05,COMPLETE
5,13.511565017700196,2026-08-29 21:48:15.832768,2026-08-29 21:49:22.970608,0 days 00:01:07.137840,32,0.15502656467222292,0.0003946212980759095,4,0.003795853142670641,COMPLETE
6,15.441291999816894,2026-08-29 21:49:23.057129,2026-08-29 21:53:08.386024,0 days 00:03:45.328895,32,0.07773545793789641,2.8907721743726727e-05,8,0.0020651425578959264,COMPLETE
7,13.875568675994874,2026-08-29 21:53:08.471171,2026-08-29 21:55:19.840109,0 days 00:02:11.368938,16,0.19737738732010346,0.00020512599422151375,16,6.235377135673162e-06,COMPLETE
8,16.33835973739624,2026-08-29 21:55:19.926300,2026-08-29 21:59:06.793435,0 days 00:03:46.867135,16,0.07169314570885453,1.5734685129393654e-05,8,0.0028340904295147754,COMPLETE
9,13.56142463684082,2026-08-29 21:59:06.879383,2026-08-29 22:00:24.398427,0 days 00:01:17.519044,32,0.12751149427104264,0.0003216235469207422,4,7.742116473996259e-05,COMPLETE
